<?xml version="1.0" encoding="UTF-8"?>
<!-- Generated by org.testng.reporters.JUnitXMLReporter -->
<testsuite ignored="21" hostname="sivarajs-MacBook-Air.local" failures="12" tests="41" name="Test" time="808.06" errors="0" timestamp="25 Jul 2024 05:57:07 GMT">
  <testcase classname="com.myiqai.base.Base_test" name="@AfterClass tearDown" time="0.009">
    <failure type="org.openqa.selenium.NoSuchSessionException" message="invalid session id
Build info: version: &amp;apos;3.141.59&amp;apos;, revision: &amp;apos;e82be7d358&amp;apos;, time: &amp;apos;2018-11-14T08:17:03&amp;apos;
System info: host: &amp;apos;sivarajs-MacBook-Air.local&amp;apos;, ip: &amp;apos;fe80:0:0:0:fd:401d:1be:c8a7%en0&amp;apos;, os.name: &amp;apos;Mac OS X&amp;apos;, os.arch: &amp;apos;aarch64&amp;apos;, os.version: &amp;apos;13.5.2&amp;apos;, java.version: &amp;apos;17.0.5&amp;apos;
Driver info: org.openqa.selenium.chrome.ChromeDriver
Capabilities {acceptInsecureCerts: false, browserName: chrome, browserVersion: 126.0.6478.183, chrome: {chromedriverVersion: 126.0.6478.182 (5b5d8292ddf..., userDataDir: /var/folders/dt/60xjg_xj33b...}, fedcm:accounts: true, goog:chromeOptions: {debuggerAddress: localhost:63122}, javascriptEnabled: true, networkConnectionEnabled: false, pageLoadStrategy: normal, platform: MAC, platformName: MAC, proxy: Proxy(), setWindowRect: true, strictFileInteractability: false, timeouts: {implicit: 0, pageLoad: 300000, script: 30000}, unhandledPromptBehavior: dismiss and notify, webauthn:extension:credBlob: true, webauthn:extension:largeBlob: true, webauthn:extension:minPinLength: true, webauthn:extension:prf: true, webauthn:virtualAuthenticators: true}
Session ID: c3a906cb6078330d38a7eba18c367c67">
      <![CDATA[org.openqa.selenium.NoSuchSessionException: invalid session id
Build info: version: '3.141.59', revision: 'e82be7d358', time: '2018-11-14T08:17:03'
System info: host: 'sivarajs-MacBook-Air.local', ip: 'fe80:0:0:0:fd:401d:1be:c8a7%en0', os.name: 'Mac OS X', os.arch: 'aarch64', os.version: '13.5.2', java.version: '17.0.5'
Driver info: org.openqa.selenium.chrome.ChromeDriver
Capabilities {acceptInsecureCerts: false, browserName: chrome, browserVersion: 126.0.6478.183, chrome: {chromedriverVersion: 126.0.6478.182 (5b5d8292ddf..., userDataDir: /var/folders/dt/60xjg_xj33b...}, fedcm:accounts: true, goog:chromeOptions: {debuggerAddress: localhost:63122}, javascriptEnabled: true, networkConnectionEnabled: false, pageLoadStrategy: normal, platform: MAC, platformName: MAC, proxy: Proxy(), setWindowRect: true, strictFileInteractability: false, timeouts: {implicit: 0, pageLoad: 300000, script: 30000}, unhandledPromptBehavior: dismiss and notify, webauthn:extension:credBlob: true, webauthn:extension:largeBlob: true, webauthn:extension:minPinLength: true, webauthn:extension:prf: true, webauthn:virtualAuthenticators: true}
Session ID: c3a906cb6078330d38a7eba18c367c67
at org.openqa.selenium.remote.http.W3CHttpResponseCodec.createException(W3CHttpResponseCodec.java:187)
at org.openqa.selenium.remote.http.W3CHttpResponseCodec.decode(W3CHttpResponseCodec.java:122)
at org.openqa.selenium.remote.http.W3CHttpResponseCodec.decode(W3CHttpResponseCodec.java:49)
at org.openqa.selenium.remote.HttpCommandExecutor.execute(HttpCommandExecutor.java:158)
at org.openqa.selenium.remote.service.DriverCommandExecutor.execute(DriverCommandExecutor.java:83)
at org.openqa.selenium.remote.RemoteWebDriver.execute(RemoteWebDriver.java:552)
at org.openqa.selenium.remote.RemoteWebDriver.execute(RemoteWebDriver.java:609)
at org.openqa.selenium.remote.RemoteWebDriver.close(RemoteWebDriver.java:442)
at com.myiqai.base.Base_test.tearDown(Base_test.java:123)
... Removed 34 stack frames]]>
    </failure>
  </testcase> <!-- @AfterClass tearDown -->
  <testcase classname="com.myiqai.base.Base_test" name="@AfterTest driverQuit" time="0.0">
    <skipped/>
  </testcase> <!-- @AfterTest driverQuit -->
  <testcase classname="com.myiqai.testCases.Add_users" name="add_newUsers" time="7.856"/>
  <testcase classname="com.myiqai.testCases.Add_users" name="addNewUser" time="10.521"/>
  <testcase classname="com.myiqai.testCases.Add_users" name="addNewUser" time="10.461"/>
  <testcase classname="com.myiqai.testCases.Add_users" name="addNewUser" time="8.52">
    <failure type="org.openqa.selenium.ElementClickInterceptedException" message="element click intercepted: Element &amp;lt;button class=&amp;quot;bg-light-20 flex text-base font-interR py-[.5rem] px-[1.5rem] rounded-[8px] text-white&amp;quot; type=&amp;quot;submit&amp;quot; title=&amp;quot;To ... the User&amp;quot;&amp;gt;Create&amp;lt;/button&amp;gt; is not clickable at point (812, 639). Other element would receive the click: &amp;lt;div aria-hidden=&amp;quot;true&amp;quot; class=&amp;quot;MuiBackdrop-root MuiBackdrop-invisible MuiModal-backdrop css-esi9ax&amp;quot; style=&amp;quot;opacity: 1; transition: opacity 225ms cubic-bezier(0.4, 0, 0.2, 1) 0ms;&amp;quot;&amp;gt;&amp;lt;/div&amp;gt;
  (Session info: chrome=126.0.6478.183)
Build info: version: &amp;apos;3.141.59&amp;apos;, revision: &amp;apos;e82be7d358&amp;apos;, time: &amp;apos;2018-11-14T08:17:03&amp;apos;
System info: host: &amp;apos;sivarajs-MacBook-Air.local&amp;apos;, ip: &amp;apos;fe80:0:0:0:fd:401d:1be:c8a7%en0&amp;apos;, os.name: &amp;apos;Mac OS X&amp;apos;, os.arch: &amp;apos;aarch64&amp;apos;, os.version: &amp;apos;13.5.2&amp;apos;, java.version: &amp;apos;17.0.5&amp;apos;
Driver info: org.openqa.selenium.chrome.ChromeDriver
Capabilities {acceptInsecureCerts: false, browserName: chrome, browserVersion: 126.0.6478.183, chrome: {chromedriverVersion: 126.0.6478.182 (5b5d8292ddf..., userDataDir: /var/folders/dt/60xjg_xj33b...}, fedcm:accounts: true, goog:chromeOptions: {debuggerAddress: localhost:62511}, javascriptEnabled: true, networkConnectionEnabled: false, pageLoadStrategy: normal, platform: MAC, platformName: MAC, proxy: Proxy(), setWindowRect: true, strictFileInteractability: false, timeouts: {implicit: 0, pageLoad: 300000, script: 30000}, unhandledPromptBehavior: dismiss and notify, webauthn:extension:credBlob: true, webauthn:extension:largeBlob: true, webauthn:extension:minPinLength: true, webauthn:extension:prf: true, webauthn:virtualAuthenticators: true}
Session ID: 30783453d38dc009b1f17e48357650b3">
      <![CDATA[org.openqa.selenium.ElementClickInterceptedException: element click intercepted: Element <button class="bg-light-20 flex text-base font-interR py-[.5rem] px-[1.5rem] rounded-[8px] text-white" type="submit" title="To ... the User">Create</button> is not clickable at point (812, 639). Other element would receive the click: <div aria-hidden="true" class="MuiBackdrop-root MuiBackdrop-invisible MuiModal-backdrop css-esi9ax" style="opacity: 1; transition: opacity 225ms cubic-bezier(0.4, 0, 0.2, 1) 0ms;"></div>
  (Session info: chrome=126.0.6478.183)
Build info: version: '3.141.59', revision: 'e82be7d358', time: '2018-11-14T08:17:03'
System info: host: 'sivarajs-MacBook-Air.local', ip: 'fe80:0:0:0:fd:401d:1be:c8a7%en0', os.name: 'Mac OS X', os.arch: 'aarch64', os.version: '13.5.2', java.version: '17.0.5'
Driver info: org.openqa.selenium.chrome.ChromeDriver
Capabilities {acceptInsecureCerts: false, browserName: chrome, browserVersion: 126.0.6478.183, chrome: {chromedriverVersion: 126.0.6478.182 (5b5d8292ddf..., userDataDir: /var/folders/dt/60xjg_xj33b...}, fedcm:accounts: true, goog:chromeOptions: {debuggerAddress: localhost:62511}, javascriptEnabled: true, networkConnectionEnabled: false, pageLoadStrategy: normal, platform: MAC, platformName: MAC, proxy: Proxy(), setWindowRect: true, strictFileInteractability: false, timeouts: {implicit: 0, pageLoad: 300000, script: 30000}, unhandledPromptBehavior: dismiss and notify, webauthn:extension:credBlob: true, webauthn:extension:largeBlob: true, webauthn:extension:minPinLength: true, webauthn:extension:prf: true, webauthn:virtualAuthenticators: true}
Session ID: 30783453d38dc009b1f17e48357650b3
at org.openqa.selenium.remote.http.W3CHttpResponseCodec.createException(W3CHttpResponseCodec.java:187)
at org.openqa.selenium.remote.http.W3CHttpResponseCodec.decode(W3CHttpResponseCodec.java:122)
at org.openqa.selenium.remote.http.W3CHttpResponseCodec.decode(W3CHttpResponseCodec.java:49)
at org.openqa.selenium.remote.HttpCommandExecutor.execute(HttpCommandExecutor.java:158)
at org.openqa.selenium.remote.service.DriverCommandExecutor.execute(DriverCommandExecutor.java:83)
at org.openqa.selenium.remote.RemoteWebDriver.execute(RemoteWebDriver.java:552)
at org.openqa.selenium.remote.RemoteWebElement.execute(RemoteWebElement.java:285)
at org.openqa.selenium.remote.RemoteWebElement.click(RemoteWebElement.java:84)
at org.openqa.selenium.support.pagefactory.internal.LocatingElementHandler.invoke(LocatingElementHandler.java:51)
at jdk.proxy2/jdk.proxy2.$Proxy12.click(Unknown Source)
at com.myiqai.pageObjects.Adduser.createnewUser(Adduser.java:159)
at com.myiqai.testCases.Add_users.addNewUser(Add_users.java:67)
... Removed 38 stack frames]]>
    </failure>
  </testcase> <!-- addNewUser -->
  <testcase classname="com.myiqai.testCases.Add_organisation" name="add_org" time="2.733"/>
  <testcase classname="com.myiqai.testCases.Add_organisation" name="add_organisation" time="23.664"/>
  <testcase classname="com.myiqai.testCases.Add_organisation" name="add_organisation" time="27.45"/>
  <testcase classname="com.myiqai.testCases.Add_organisation" name="add_organisation" time="13.319">
    <failure type="org.openqa.selenium.ElementNotInteractableException" message="element not interactable
  (Session info: chrome=126.0.6478.183)
Build info: version: &amp;apos;3.141.59&amp;apos;, revision: &amp;apos;e82be7d358&amp;apos;, time: &amp;apos;2018-11-14T08:17:03&amp;apos;
System info: host: &amp;apos;sivarajs-MacBook-Air.local&amp;apos;, ip: &amp;apos;fe80:0:0:0:fd:401d:1be:c8a7%en0&amp;apos;, os.name: &amp;apos;Mac OS X&amp;apos;, os.arch: &amp;apos;aarch64&amp;apos;, os.version: &amp;apos;13.5.2&amp;apos;, java.version: &amp;apos;17.0.5&amp;apos;
Driver info: org.openqa.selenium.chrome.ChromeDriver
Capabilities {acceptInsecureCerts: false, browserName: chrome, browserVersion: 126.0.6478.183, chrome: {chromedriverVersion: 126.0.6478.182 (5b5d8292ddf..., userDataDir: /var/folders/dt/60xjg_xj33b...}, fedcm:accounts: true, goog:chromeOptions: {debuggerAddress: localhost:62544}, javascriptEnabled: true, networkConnectionEnabled: false, pageLoadStrategy: normal, platform: MAC, platformName: MAC, proxy: Proxy(), setWindowRect: true, strictFileInteractability: false, timeouts: {implicit: 0, pageLoad: 300000, script: 30000}, unhandledPromptBehavior: dismiss and notify, webauthn:extension:credBlob: true, webauthn:extension:largeBlob: true, webauthn:extension:minPinLength: true, webauthn:extension:prf: true, webauthn:virtualAuthenticators: true}
Session ID: 089be44983afbab9683b9655c5295dfa">
      <![CDATA[org.openqa.selenium.ElementNotInteractableException: element not interactable
  (Session info: chrome=126.0.6478.183)
Build info: version: '3.141.59', revision: 'e82be7d358', time: '2018-11-14T08:17:03'
System info: host: 'sivarajs-MacBook-Air.local', ip: 'fe80:0:0:0:fd:401d:1be:c8a7%en0', os.name: 'Mac OS X', os.arch: 'aarch64', os.version: '13.5.2', java.version: '17.0.5'
Driver info: org.openqa.selenium.chrome.ChromeDriver
Capabilities {acceptInsecureCerts: false, browserName: chrome, browserVersion: 126.0.6478.183, chrome: {chromedriverVersion: 126.0.6478.182 (5b5d8292ddf..., userDataDir: /var/folders/dt/60xjg_xj33b...}, fedcm:accounts: true, goog:chromeOptions: {debuggerAddress: localhost:62544}, javascriptEnabled: true, networkConnectionEnabled: false, pageLoadStrategy: normal, platform: MAC, platformName: MAC, proxy: Proxy(), setWindowRect: true, strictFileInteractability: false, timeouts: {implicit: 0, pageLoad: 300000, script: 30000}, unhandledPromptBehavior: dismiss and notify, webauthn:extension:credBlob: true, webauthn:extension:largeBlob: true, webauthn:extension:minPinLength: true, webauthn:extension:prf: true, webauthn:virtualAuthenticators: true}
Session ID: 089be44983afbab9683b9655c5295dfa
at org.openqa.selenium.remote.http.W3CHttpResponseCodec.createException(W3CHttpResponseCodec.java:187)
at org.openqa.selenium.remote.http.W3CHttpResponseCodec.decode(W3CHttpResponseCodec.java:122)
at org.openqa.selenium.remote.http.W3CHttpResponseCodec.decode(W3CHttpResponseCodec.java:49)
at org.openqa.selenium.remote.HttpCommandExecutor.execute(HttpCommandExecutor.java:158)
at org.openqa.selenium.remote.service.DriverCommandExecutor.execute(DriverCommandExecutor.java:83)
at org.openqa.selenium.remote.RemoteWebDriver.execute(RemoteWebDriver.java:552)
at org.openqa.selenium.remote.RemoteWebElement.execute(RemoteWebElement.java:285)
at org.openqa.selenium.remote.RemoteWebElement.sendKeys(RemoteWebElement.java:106)
at org.openqa.selenium.support.pagefactory.internal.LocatingElementHandler.invoke(LocatingElementHandler.java:51)
at jdk.proxy2/jdk.proxy2.$Proxy12.sendKeys(Unknown Source)
at com.myiqai.pageObjects.Addorganisation.orgName(Addorganisation.java:126)
at com.myiqai.testCases.Add_organisation.add_organisation(Add_organisation.java:42)
... Removed 37 stack frames]]>
    </failure>
  </testcase> <!-- add_organisation -->
  <testcase classname="com.myiqai.testCases.Add_organisation" name="add_organisation" time="10.06">
    <failure type="org.openqa.selenium.NoSuchElementException" message="no such element: Unable to locate element: {&amp;quot;method&amp;quot;:&amp;quot;xpath&amp;quot;,&amp;quot;selector&amp;quot;:&amp;quot;//button[normalize-space()=&amp;apos;Add Organization&amp;apos;]&amp;quot;}
  (Session info: chrome=126.0.6478.183)
For documentation on this error, please visit: https://www.seleniumhq.org/exceptions/no_such_element.html
Build info: version: &amp;apos;3.141.59&amp;apos;, revision: &amp;apos;e82be7d358&amp;apos;, time: &amp;apos;2018-11-14T08:17:03&amp;apos;
System info: host: &amp;apos;sivarajs-MacBook-Air.local&amp;apos;, ip: &amp;apos;fe80:0:0:0:fd:401d:1be:c8a7%en0&amp;apos;, os.name: &amp;apos;Mac OS X&amp;apos;, os.arch: &amp;apos;aarch64&amp;apos;, os.version: &amp;apos;13.5.2&amp;apos;, java.version: &amp;apos;17.0.5&amp;apos;
Driver info: org.openqa.selenium.chrome.ChromeDriver
Capabilities {acceptInsecureCerts: false, browserName: chrome, browserVersion: 126.0.6478.183, chrome: {chromedriverVersion: 126.0.6478.182 (5b5d8292ddf..., userDataDir: /var/folders/dt/60xjg_xj33b...}, fedcm:accounts: true, goog:chromeOptions: {debuggerAddress: localhost:62544}, javascriptEnabled: true, networkConnectionEnabled: false, pageLoadStrategy: normal, platform: MAC, platformName: MAC, proxy: Proxy(), setWindowRect: true, strictFileInteractability: false, timeouts: {implicit: 0, pageLoad: 300000, script: 30000}, unhandledPromptBehavior: dismiss and notify, webauthn:extension:credBlob: true, webauthn:extension:largeBlob: true, webauthn:extension:minPinLength: true, webauthn:extension:prf: true, webauthn:virtualAuthenticators: true}
Session ID: 089be44983afbab9683b9655c5295dfa
*** Element info: {Using=xpath, value=//button[normalize-space()=&amp;apos;Add Organization&amp;apos;]}">
      <![CDATA[org.openqa.selenium.NoSuchElementException: no such element: Unable to locate element: {"method":"xpath","selector":"//button[normalize-space()='Add Organization']"}
  (Session info: chrome=126.0.6478.183)
For documentation on this error, please visit: https://www.seleniumhq.org/exceptions/no_such_element.html
Build info: version: '3.141.59', revision: 'e82be7d358', time: '2018-11-14T08:17:03'
System info: host: 'sivarajs-MacBook-Air.local', ip: 'fe80:0:0:0:fd:401d:1be:c8a7%en0', os.name: 'Mac OS X', os.arch: 'aarch64', os.version: '13.5.2', java.version: '17.0.5'
Driver info: org.openqa.selenium.chrome.ChromeDriver
Capabilities {acceptInsecureCerts: false, browserName: chrome, browserVersion: 126.0.6478.183, chrome: {chromedriverVersion: 126.0.6478.182 (5b5d8292ddf..., userDataDir: /var/folders/dt/60xjg_xj33b...}, fedcm:accounts: true, goog:chromeOptions: {debuggerAddress: localhost:62544}, javascriptEnabled: true, networkConnectionEnabled: false, pageLoadStrategy: normal, platform: MAC, platformName: MAC, proxy: Proxy(), setWindowRect: true, strictFileInteractability: false, timeouts: {implicit: 0, pageLoad: 300000, script: 30000}, unhandledPromptBehavior: dismiss and notify, webauthn:extension:credBlob: true, webauthn:extension:largeBlob: true, webauthn:extension:minPinLength: true, webauthn:extension:prf: true, webauthn:virtualAuthenticators: true}
Session ID: 089be44983afbab9683b9655c5295dfa
*** Element info: {Using=xpath, value=//button[normalize-space()='Add Organization']}
at org.openqa.selenium.remote.http.W3CHttpResponseCodec.createException(W3CHttpResponseCodec.java:187)
at org.openqa.selenium.remote.http.W3CHttpResponseCodec.decode(W3CHttpResponseCodec.java:122)
at org.openqa.selenium.remote.http.W3CHttpResponseCodec.decode(W3CHttpResponseCodec.java:49)
at org.openqa.selenium.remote.HttpCommandExecutor.execute(HttpCommandExecutor.java:158)
at org.openqa.selenium.remote.service.DriverCommandExecutor.execute(DriverCommandExecutor.java:83)
at org.openqa.selenium.remote.RemoteWebDriver.execute(RemoteWebDriver.java:552)
at org.openqa.selenium.remote.RemoteWebDriver.findElement(RemoteWebDriver.java:323)
at org.openqa.selenium.remote.RemoteWebDriver.findElementByXPath(RemoteWebDriver.java:428)
at org.openqa.selenium.By$ByXPath.findElement(By.java:353)
at org.openqa.selenium.remote.RemoteWebDriver.findElement(RemoteWebDriver.java:315)
at org.openqa.selenium.support.pagefactory.DefaultElementLocator.findElement(DefaultElementLocator.java:69)
at org.openqa.selenium.support.pagefactory.internal.LocatingElementHandler.invoke(LocatingElementHandler.java:38)
at jdk.proxy2/jdk.proxy2.$Proxy12.click(Unknown Source)
at com.myiqai.pageObjects.Addorganisation.addorgBt(Addorganisation.java:117)
at com.myiqai.testCases.Add_organisation.add_organisation(Add_organisation.java:39)
... Removed 34 stack frames]]>
    </failure>
  </testcase> <!-- add_organisation -->
  <testcase classname="com.myiqai.testCases.Role_Creation" name="role_creation" time="1.363"/>
  <testcase classname="com.myiqai.testCases.Role_Creation" name="roleCreation" time="11.778"/>
  <testcase classname="com.myiqai.testCases.Role_Creation" name="roleCreation" time="14.985"/>
  <testcase classname="com.myiqai.testCases.Role_Creation" name="roleCreation" time="10.055">
    <failure type="org.openqa.selenium.NoSuchElementException" message="no such element: Unable to locate element: {&amp;quot;method&amp;quot;:&amp;quot;xpath&amp;quot;,&amp;quot;selector&amp;quot;:&amp;quot;(//button[normalize-space()=&amp;apos;Add Role&amp;apos;])[1]&amp;quot;}
  (Session info: chrome=126.0.6478.183)
For documentation on this error, please visit: https://www.seleniumhq.org/exceptions/no_such_element.html
Build info: version: &amp;apos;3.141.59&amp;apos;, revision: &amp;apos;e82be7d358&amp;apos;, time: &amp;apos;2018-11-14T08:17:03&amp;apos;
System info: host: &amp;apos;sivarajs-MacBook-Air.local&amp;apos;, ip: &amp;apos;fe80:0:0:0:fd:401d:1be:c8a7%en0&amp;apos;, os.name: &amp;apos;Mac OS X&amp;apos;, os.arch: &amp;apos;aarch64&amp;apos;, os.version: &amp;apos;13.5.2&amp;apos;, java.version: &amp;apos;17.0.5&amp;apos;
Driver info: org.openqa.selenium.chrome.ChromeDriver
Capabilities {acceptInsecureCerts: false, browserName: chrome, browserVersion: 126.0.6478.183, chrome: {chromedriverVersion: 126.0.6478.182 (5b5d8292ddf..., userDataDir: /var/folders/dt/60xjg_xj33b...}, fedcm:accounts: true, goog:chromeOptions: {debuggerAddress: localhost:62601}, javascriptEnabled: true, networkConnectionEnabled: false, pageLoadStrategy: normal, platform: MAC, platformName: MAC, proxy: Proxy(), setWindowRect: true, strictFileInteractability: false, timeouts: {implicit: 0, pageLoad: 300000, script: 30000}, unhandledPromptBehavior: dismiss and notify, webauthn:extension:credBlob: true, webauthn:extension:largeBlob: true, webauthn:extension:minPinLength: true, webauthn:extension:prf: true, webauthn:virtualAuthenticators: true}
Session ID: 7c99d8298d46af0ede7eee2a077dc9ae
*** Element info: {Using=xpath, value=(//button[normalize-space()=&amp;apos;Add Role&amp;apos;])[1]}">
      <![CDATA[org.openqa.selenium.NoSuchElementException: no such element: Unable to locate element: {"method":"xpath","selector":"(//button[normalize-space()='Add Role'])[1]"}
  (Session info: chrome=126.0.6478.183)
For documentation on this error, please visit: https://www.seleniumhq.org/exceptions/no_such_element.html
Build info: version: '3.141.59', revision: 'e82be7d358', time: '2018-11-14T08:17:03'
System info: host: 'sivarajs-MacBook-Air.local', ip: 'fe80:0:0:0:fd:401d:1be:c8a7%en0', os.name: 'Mac OS X', os.arch: 'aarch64', os.version: '13.5.2', java.version: '17.0.5'
Driver info: org.openqa.selenium.chrome.ChromeDriver
Capabilities {acceptInsecureCerts: false, browserName: chrome, browserVersion: 126.0.6478.183, chrome: {chromedriverVersion: 126.0.6478.182 (5b5d8292ddf..., userDataDir: /var/folders/dt/60xjg_xj33b...}, fedcm:accounts: true, goog:chromeOptions: {debuggerAddress: localhost:62601}, javascriptEnabled: true, networkConnectionEnabled: false, pageLoadStrategy: normal, platform: MAC, platformName: MAC, proxy: Proxy(), setWindowRect: true, strictFileInteractability: false, timeouts: {implicit: 0, pageLoad: 300000, script: 30000}, unhandledPromptBehavior: dismiss and notify, webauthn:extension:credBlob: true, webauthn:extension:largeBlob: true, webauthn:extension:minPinLength: true, webauthn:extension:prf: true, webauthn:virtualAuthenticators: true}
Session ID: 7c99d8298d46af0ede7eee2a077dc9ae
*** Element info: {Using=xpath, value=(//button[normalize-space()='Add Role'])[1]}
at org.openqa.selenium.remote.http.W3CHttpResponseCodec.createException(W3CHttpResponseCodec.java:187)
at org.openqa.selenium.remote.http.W3CHttpResponseCodec.decode(W3CHttpResponseCodec.java:122)
at org.openqa.selenium.remote.http.W3CHttpResponseCodec.decode(W3CHttpResponseCodec.java:49)
at org.openqa.selenium.remote.HttpCommandExecutor.execute(HttpCommandExecutor.java:158)
at org.openqa.selenium.remote.service.DriverCommandExecutor.execute(DriverCommandExecutor.java:83)
at org.openqa.selenium.remote.RemoteWebDriver.execute(RemoteWebDriver.java:552)
at org.openqa.selenium.remote.RemoteWebDriver.findElement(RemoteWebDriver.java:323)
at org.openqa.selenium.remote.RemoteWebDriver.findElementByXPath(RemoteWebDriver.java:428)
at org.openqa.selenium.By$ByXPath.findElement(By.java:353)
at org.openqa.selenium.remote.RemoteWebDriver.findElement(RemoteWebDriver.java:315)
at org.openqa.selenium.support.pagefactory.DefaultElementLocator.findElement(DefaultElementLocator.java:69)
at org.openqa.selenium.support.pagefactory.internal.LocatingElementHandler.invoke(LocatingElementHandler.java:38)
at jdk.proxy2/jdk.proxy2.$Proxy12.click(Unknown Source)
at com.myiqai.pageObjects.RoleCreation.addRole(RoleCreation.java:89)
at com.myiqai.testCases.Role_Creation.roleCreation(Role_Creation.java:35)
... Removed 34 stack frames]]>
    </failure>
  </testcase> <!-- roleCreation -->
  <testcase classname="com.myiqai.testCases.Role_Creation" name="roleCreation" time="10.063">
    <failure type="org.openqa.selenium.NoSuchElementException" message="no such element: Unable to locate element: {&amp;quot;method&amp;quot;:&amp;quot;xpath&amp;quot;,&amp;quot;selector&amp;quot;:&amp;quot;(//button[normalize-space()=&amp;apos;Add Role&amp;apos;])[1]&amp;quot;}
  (Session info: chrome=126.0.6478.183)
For documentation on this error, please visit: https://www.seleniumhq.org/exceptions/no_such_element.html
Build info: version: &amp;apos;3.141.59&amp;apos;, revision: &amp;apos;e82be7d358&amp;apos;, time: &amp;apos;2018-11-14T08:17:03&amp;apos;
System info: host: &amp;apos;sivarajs-MacBook-Air.local&amp;apos;, ip: &amp;apos;fe80:0:0:0:fd:401d:1be:c8a7%en0&amp;apos;, os.name: &amp;apos;Mac OS X&amp;apos;, os.arch: &amp;apos;aarch64&amp;apos;, os.version: &amp;apos;13.5.2&amp;apos;, java.version: &amp;apos;17.0.5&amp;apos;
Driver info: org.openqa.selenium.chrome.ChromeDriver
Capabilities {acceptInsecureCerts: false, browserName: chrome, browserVersion: 126.0.6478.183, chrome: {chromedriverVersion: 126.0.6478.182 (5b5d8292ddf..., userDataDir: /var/folders/dt/60xjg_xj33b...}, fedcm:accounts: true, goog:chromeOptions: {debuggerAddress: localhost:62601}, javascriptEnabled: true, networkConnectionEnabled: false, pageLoadStrategy: normal, platform: MAC, platformName: MAC, proxy: Proxy(), setWindowRect: true, strictFileInteractability: false, timeouts: {implicit: 0, pageLoad: 300000, script: 30000}, unhandledPromptBehavior: dismiss and notify, webauthn:extension:credBlob: true, webauthn:extension:largeBlob: true, webauthn:extension:minPinLength: true, webauthn:extension:prf: true, webauthn:virtualAuthenticators: true}
Session ID: 7c99d8298d46af0ede7eee2a077dc9ae
*** Element info: {Using=xpath, value=(//button[normalize-space()=&amp;apos;Add Role&amp;apos;])[1]}">
      <![CDATA[org.openqa.selenium.NoSuchElementException: no such element: Unable to locate element: {"method":"xpath","selector":"(//button[normalize-space()='Add Role'])[1]"}
  (Session info: chrome=126.0.6478.183)
For documentation on this error, please visit: https://www.seleniumhq.org/exceptions/no_such_element.html
Build info: version: '3.141.59', revision: 'e82be7d358', time: '2018-11-14T08:17:03'
System info: host: 'sivarajs-MacBook-Air.local', ip: 'fe80:0:0:0:fd:401d:1be:c8a7%en0', os.name: 'Mac OS X', os.arch: 'aarch64', os.version: '13.5.2', java.version: '17.0.5'
Driver info: org.openqa.selenium.chrome.ChromeDriver
Capabilities {acceptInsecureCerts: false, browserName: chrome, browserVersion: 126.0.6478.183, chrome: {chromedriverVersion: 126.0.6478.182 (5b5d8292ddf..., userDataDir: /var/folders/dt/60xjg_xj33b...}, fedcm:accounts: true, goog:chromeOptions: {debuggerAddress: localhost:62601}, javascriptEnabled: true, networkConnectionEnabled: false, pageLoadStrategy: normal, platform: MAC, platformName: MAC, proxy: Proxy(), setWindowRect: true, strictFileInteractability: false, timeouts: {implicit: 0, pageLoad: 300000, script: 30000}, unhandledPromptBehavior: dismiss and notify, webauthn:extension:credBlob: true, webauthn:extension:largeBlob: true, webauthn:extension:minPinLength: true, webauthn:extension:prf: true, webauthn:virtualAuthenticators: true}
Session ID: 7c99d8298d46af0ede7eee2a077dc9ae
*** Element info: {Using=xpath, value=(//button[normalize-space()='Add Role'])[1]}
at org.openqa.selenium.remote.http.W3CHttpResponseCodec.createException(W3CHttpResponseCodec.java:187)
at org.openqa.selenium.remote.http.W3CHttpResponseCodec.decode(W3CHttpResponseCodec.java:122)
at org.openqa.selenium.remote.http.W3CHttpResponseCodec.decode(W3CHttpResponseCodec.java:49)
at org.openqa.selenium.remote.HttpCommandExecutor.execute(HttpCommandExecutor.java:158)
at org.openqa.selenium.remote.service.DriverCommandExecutor.execute(DriverCommandExecutor.java:83)
at org.openqa.selenium.remote.RemoteWebDriver.execute(RemoteWebDriver.java:552)
at org.openqa.selenium.remote.RemoteWebDriver.findElement(RemoteWebDriver.java:323)
at org.openqa.selenium.remote.RemoteWebDriver.findElementByXPath(RemoteWebDriver.java:428)
at org.openqa.selenium.By$ByXPath.findElement(By.java:353)
at org.openqa.selenium.remote.RemoteWebDriver.findElement(RemoteWebDriver.java:315)
at org.openqa.selenium.support.pagefactory.DefaultElementLocator.findElement(DefaultElementLocator.java:69)
at org.openqa.selenium.support.pagefactory.internal.LocatingElementHandler.invoke(LocatingElementHandler.java:38)
at jdk.proxy2/jdk.proxy2.$Proxy12.click(Unknown Source)
at com.myiqai.pageObjects.RoleCreation.addRole(RoleCreation.java:89)
at com.myiqai.testCases.Role_Creation.roleCreation(Role_Creation.java:35)
... Removed 34 stack frames]]>
    </failure>
  </testcase> <!-- roleCreation -->
  <testcase classname="com.myiqai.testCases.Role_Creation" name="roleCreation" time="10.04">
    <failure type="org.openqa.selenium.NoSuchElementException" message="no such element: Unable to locate element: {&amp;quot;method&amp;quot;:&amp;quot;xpath&amp;quot;,&amp;quot;selector&amp;quot;:&amp;quot;(//button[normalize-space()=&amp;apos;Add Role&amp;apos;])[1]&amp;quot;}
  (Session info: chrome=126.0.6478.183)
For documentation on this error, please visit: https://www.seleniumhq.org/exceptions/no_such_element.html
Build info: version: &amp;apos;3.141.59&amp;apos;, revision: &amp;apos;e82be7d358&amp;apos;, time: &amp;apos;2018-11-14T08:17:03&amp;apos;
System info: host: &amp;apos;sivarajs-MacBook-Air.local&amp;apos;, ip: &amp;apos;fe80:0:0:0:fd:401d:1be:c8a7%en0&amp;apos;, os.name: &amp;apos;Mac OS X&amp;apos;, os.arch: &amp;apos;aarch64&amp;apos;, os.version: &amp;apos;13.5.2&amp;apos;, java.version: &amp;apos;17.0.5&amp;apos;
Driver info: org.openqa.selenium.chrome.ChromeDriver
Capabilities {acceptInsecureCerts: false, browserName: chrome, browserVersion: 126.0.6478.183, chrome: {chromedriverVersion: 126.0.6478.182 (5b5d8292ddf..., userDataDir: /var/folders/dt/60xjg_xj33b...}, fedcm:accounts: true, goog:chromeOptions: {debuggerAddress: localhost:62601}, javascriptEnabled: true, networkConnectionEnabled: false, pageLoadStrategy: normal, platform: MAC, platformName: MAC, proxy: Proxy(), setWindowRect: true, strictFileInteractability: false, timeouts: {implicit: 0, pageLoad: 300000, script: 30000}, unhandledPromptBehavior: dismiss and notify, webauthn:extension:credBlob: true, webauthn:extension:largeBlob: true, webauthn:extension:minPinLength: true, webauthn:extension:prf: true, webauthn:virtualAuthenticators: true}
Session ID: 7c99d8298d46af0ede7eee2a077dc9ae
*** Element info: {Using=xpath, value=(//button[normalize-space()=&amp;apos;Add Role&amp;apos;])[1]}">
      <![CDATA[org.openqa.selenium.NoSuchElementException: no such element: Unable to locate element: {"method":"xpath","selector":"(//button[normalize-space()='Add Role'])[1]"}
  (Session info: chrome=126.0.6478.183)
For documentation on this error, please visit: https://www.seleniumhq.org/exceptions/no_such_element.html
Build info: version: '3.141.59', revision: 'e82be7d358', time: '2018-11-14T08:17:03'
System info: host: 'sivarajs-MacBook-Air.local', ip: 'fe80:0:0:0:fd:401d:1be:c8a7%en0', os.name: 'Mac OS X', os.arch: 'aarch64', os.version: '13.5.2', java.version: '17.0.5'
Driver info: org.openqa.selenium.chrome.ChromeDriver
Capabilities {acceptInsecureCerts: false, browserName: chrome, browserVersion: 126.0.6478.183, chrome: {chromedriverVersion: 126.0.6478.182 (5b5d8292ddf..., userDataDir: /var/folders/dt/60xjg_xj33b...}, fedcm:accounts: true, goog:chromeOptions: {debuggerAddress: localhost:62601}, javascriptEnabled: true, networkConnectionEnabled: false, pageLoadStrategy: normal, platform: MAC, platformName: MAC, proxy: Proxy(), setWindowRect: true, strictFileInteractability: false, timeouts: {implicit: 0, pageLoad: 300000, script: 30000}, unhandledPromptBehavior: dismiss and notify, webauthn:extension:credBlob: true, webauthn:extension:largeBlob: true, webauthn:extension:minPinLength: true, webauthn:extension:prf: true, webauthn:virtualAuthenticators: true}
Session ID: 7c99d8298d46af0ede7eee2a077dc9ae
*** Element info: {Using=xpath, value=(//button[normalize-space()='Add Role'])[1]}
at org.openqa.selenium.remote.http.W3CHttpResponseCodec.createException(W3CHttpResponseCodec.java:187)
at org.openqa.selenium.remote.http.W3CHttpResponseCodec.decode(W3CHttpResponseCodec.java:122)
at org.openqa.selenium.remote.http.W3CHttpResponseCodec.decode(W3CHttpResponseCodec.java:49)
at org.openqa.selenium.remote.HttpCommandExecutor.execute(HttpCommandExecutor.java:158)
at org.openqa.selenium.remote.service.DriverCommandExecutor.execute(DriverCommandExecutor.java:83)
at org.openqa.selenium.remote.RemoteWebDriver.execute(RemoteWebDriver.java:552)
at org.openqa.selenium.remote.RemoteWebDriver.findElement(RemoteWebDriver.java:323)
at org.openqa.selenium.remote.RemoteWebDriver.findElementByXPath(RemoteWebDriver.java:428)
at org.openqa.selenium.By$ByXPath.findElement(By.java:353)
at org.openqa.selenium.remote.RemoteWebDriver.findElement(RemoteWebDriver.java:315)
at org.openqa.selenium.support.pagefactory.DefaultElementLocator.findElement(DefaultElementLocator.java:69)
at org.openqa.selenium.support.pagefactory.internal.LocatingElementHandler.invoke(LocatingElementHandler.java:38)
at jdk.proxy2/jdk.proxy2.$Proxy12.click(Unknown Source)
at com.myiqai.pageObjects.RoleCreation.addRole(RoleCreation.java:89)
at com.myiqai.testCases.Role_Creation.roleCreation(Role_Creation.java:35)
... Removed 34 stack frames]]>
    </failure>
  </testcase> <!-- roleCreation -->
  <testcase classname="com.myiqai.testCases.Rule_master" name="rule_Mas" time="4.252"/>
  <testcase classname="com.myiqai.testCases.Rule_master" name="rule_master" time="20.793"/>
  <testcase classname="com.myiqai.testCases.Rule_master" name="rule_master" time="14.077"/>
  <testcase classname="com.myiqai.testCases.Rule_master" name="rule_master" time="14.026"/>
  <testcase classname="com.myiqai.testCases.Rule_master" name="rule_master" time="14.06"/>
  <testcase classname="com.myiqai.testCases.Rule_master" name="rule_master" time="14.148"/>
  <testcase classname="com.myiqai.testCases.Manual_uploading" name="manual_Uploading" time="27.341"/>
  <testcase classname="com.myiqai.testCases.Email_config" name="emailConfig" time="27.629">
    <failure type="org.openqa.selenium.NoSuchElementException" message="no such element: Unable to locate element: {&amp;quot;method&amp;quot;:&amp;quot;xpath&amp;quot;,&amp;quot;selector&amp;quot;:&amp;quot;(//button[@type=&amp;apos;button&amp;apos;])[14]&amp;quot;}
  (Session info: chrome=126.0.6478.183)
For documentation on this error, please visit: https://www.seleniumhq.org/exceptions/no_such_element.html
Build info: version: &amp;apos;3.141.59&amp;apos;, revision: &amp;apos;e82be7d358&amp;apos;, time: &amp;apos;2018-11-14T08:17:03&amp;apos;
System info: host: &amp;apos;sivarajs-MacBook-Air.local&amp;apos;, ip: &amp;apos;fe80:0:0:0:fd:401d:1be:c8a7%en0&amp;apos;, os.name: &amp;apos;Mac OS X&amp;apos;, os.arch: &amp;apos;aarch64&amp;apos;, os.version: &amp;apos;13.5.2&amp;apos;, java.version: &amp;apos;17.0.5&amp;apos;
Driver info: org.openqa.selenium.chrome.ChromeDriver
Capabilities {acceptInsecureCerts: false, browserName: chrome, browserVersion: 126.0.6478.183, chrome: {chromedriverVersion: 126.0.6478.182 (5b5d8292ddf..., userDataDir: /var/folders/dt/60xjg_xj33b...}, fedcm:accounts: true, goog:chromeOptions: {debuggerAddress: localhost:62706}, javascriptEnabled: true, networkConnectionEnabled: false, pageLoadStrategy: normal, platform: MAC, platformName: MAC, proxy: Proxy(), setWindowRect: true, strictFileInteractability: false, timeouts: {implicit: 0, pageLoad: 300000, script: 30000}, unhandledPromptBehavior: dismiss and notify, webauthn:extension:credBlob: true, webauthn:extension:largeBlob: true, webauthn:extension:minPinLength: true, webauthn:extension:prf: true, webauthn:virtualAuthenticators: true}
Session ID: 68219c3d446a20457d66dfa0b9ceaaa2
*** Element info: {Using=xpath, value=(//button[@type=&amp;apos;button&amp;apos;])[14]}">
      <![CDATA[org.openqa.selenium.NoSuchElementException: no such element: Unable to locate element: {"method":"xpath","selector":"(//button[@type='button'])[14]"}
  (Session info: chrome=126.0.6478.183)
For documentation on this error, please visit: https://www.seleniumhq.org/exceptions/no_such_element.html
Build info: version: '3.141.59', revision: 'e82be7d358', time: '2018-11-14T08:17:03'
System info: host: 'sivarajs-MacBook-Air.local', ip: 'fe80:0:0:0:fd:401d:1be:c8a7%en0', os.name: 'Mac OS X', os.arch: 'aarch64', os.version: '13.5.2', java.version: '17.0.5'
Driver info: org.openqa.selenium.chrome.ChromeDriver
Capabilities {acceptInsecureCerts: false, browserName: chrome, browserVersion: 126.0.6478.183, chrome: {chromedriverVersion: 126.0.6478.182 (5b5d8292ddf..., userDataDir: /var/folders/dt/60xjg_xj33b...}, fedcm:accounts: true, goog:chromeOptions: {debuggerAddress: localhost:62706}, javascriptEnabled: true, networkConnectionEnabled: false, pageLoadStrategy: normal, platform: MAC, platformName: MAC, proxy: Proxy(), setWindowRect: true, strictFileInteractability: false, timeouts: {implicit: 0, pageLoad: 300000, script: 30000}, unhandledPromptBehavior: dismiss and notify, webauthn:extension:credBlob: true, webauthn:extension:largeBlob: true, webauthn:extension:minPinLength: true, webauthn:extension:prf: true, webauthn:virtualAuthenticators: true}
Session ID: 68219c3d446a20457d66dfa0b9ceaaa2
*** Element info: {Using=xpath, value=(//button[@type='button'])[14]}
at org.openqa.selenium.remote.http.W3CHttpResponseCodec.createException(W3CHttpResponseCodec.java:187)
at org.openqa.selenium.remote.http.W3CHttpResponseCodec.decode(W3CHttpResponseCodec.java:122)
at org.openqa.selenium.remote.http.W3CHttpResponseCodec.decode(W3CHttpResponseCodec.java:49)
at org.openqa.selenium.remote.HttpCommandExecutor.execute(HttpCommandExecutor.java:158)
at org.openqa.selenium.remote.service.DriverCommandExecutor.execute(DriverCommandExecutor.java:83)
at org.openqa.selenium.remote.RemoteWebDriver.execute(RemoteWebDriver.java:552)
at org.openqa.selenium.remote.RemoteWebDriver.findElement(RemoteWebDriver.java:323)
at org.openqa.selenium.remote.RemoteWebDriver.findElementByXPath(RemoteWebDriver.java:428)
at org.openqa.selenium.By$ByXPath.findElement(By.java:353)
at org.openqa.selenium.remote.RemoteWebDriver.findElement(RemoteWebDriver.java:315)
at com.myiqai.pageObjects.EmailConfig.emailConfig(EmailConfig.java:91)
at com.myiqai.testCases.Email_config.emailConfig(Email_config.java:20)
... Removed 34 stack frames]]>
    </failure>
  </testcase> <!-- emailConfig -->
  <testcase classname="com.myiqai.testCases.Target_config" name="targetconfig" time="14.335"/>
  <testcase classname="com.myiqai.testCases.Profile_page" name="settingsProfile" time="1.206"/>
  <testcase classname="com.myiqai.testCases.Profile_page" name="profilePage" time="5.666"/>
  <testcase classname="com.myiqai.testCases.Profile_page" name="profilePage" time="5.264"/>
  <testcase classname="com.myiqai.testCases.Id_Configuration" name="idConfig" time="23.628"/>
  <testcase classname="com.myiqai.testCases.Email_template" name="emailTemplate" time="27.387"/>
  <testcase classname="com.myiqai.testCases.Folder_config" name="folderConfig" time="40.658"/>
  <testcase classname="com.myiqai.testCases.Priority_Configuration" name="priorityConfig" time="11.508"/>
  <testcase classname="com.myiqai.testCases.Invoice_List" name="Invoicelist" time="87.299">
    <failure type="org.openqa.selenium.TimeoutException" message="Expected condition failed: waiting for element to be clickable: By.xpath: //button[normalize-space()=&amp;apos;Task&amp;apos;] (tried for 40 second(s) with 500 milliseconds interval)">
      <![CDATA[org.openqa.selenium.TimeoutException: Expected condition failed: waiting for element to be clickable: By.xpath: //button[normalize-space()='Task'] (tried for 40 second(s) with 500 milliseconds interval)
at org.openqa.selenium.support.ui.WebDriverWait.timeoutException(WebDriverWait.java:95)
at org.openqa.selenium.support.ui.FluentWait.until(FluentWait.java:272)
at com.myiqai.pageObjects.InvoiceList.taskCreation(InvoiceList.java:201)
at com.myiqai.testCases.Invoice_List.Invoicelist(Invoice_List.java:26)
Caused by: org.openqa.selenium.NoSuchElementException: no such element: Unable to locate element: {"method":"xpath","selector":"//button[normalize-space()='Task']"}
  (Session info: chrome=126.0.6478.183)
For documentation on this error, please visit: https://www.seleniumhq.org/exceptions/no_such_element.html
Build info: version: '3.141.59', revision: 'e82be7d358', time: '2018-11-14T08:17:03'
System info: host: 'sivarajs-MacBook-Air.local', ip: 'fe80:0:0:0:fd:401d:1be:c8a7%en0', os.name: 'Mac OS X', os.arch: 'aarch64', os.version: '13.5.2', java.version: '17.0.5'
Driver info: org.openqa.selenium.chrome.ChromeDriver
Capabilities {acceptInsecureCerts: false, browserName: chrome, browserVersion: 126.0.6478.183, chrome: {chromedriverVersion: 126.0.6478.182 (5b5d8292ddf..., userDataDir: /var/folders/dt/60xjg_xj33b...}, fedcm:accounts: true, goog:chromeOptions: {debuggerAddress: localhost:62898}, javascriptEnabled: true, networkConnectionEnabled: false, pageLoadStrategy: normal, platform: MAC, platformName: MAC, proxy: Proxy(), setWindowRect: true, strictFileInteractability: false, timeouts: {implicit: 0, pageLoad: 300000, script: 30000}, unhandledPromptBehavior: dismiss and notify, webauthn:extension:credBlob: true, webauthn:extension:largeBlob: true, webauthn:extension:minPinLength: true, webauthn:extension:prf: true, webauthn:virtualAuthenticators: true}
Session ID: 3221b901b355c434a9bcb8deec0b3307
*** Element info: {Using=xpath, value=//button[normalize-space()='Task']}
at org.openqa.selenium.remote.http.W3CHttpResponseCodec.createException(W3CHttpResponseCodec.java:187)
at org.openqa.selenium.remote.http.W3CHttpResponseCodec.decode(W3CHttpResponseCodec.java:122)
at org.openqa.selenium.remote.http.W3CHttpResponseCodec.decode(W3CHttpResponseCodec.java:49)
at org.openqa.selenium.remote.HttpCommandExecutor.execute(HttpCommandExecutor.java:158)
at org.openqa.selenium.remote.service.DriverCommandExecutor.execute(DriverCommandExecutor.java:83)
at org.openqa.selenium.remote.RemoteWebDriver.execute(RemoteWebDriver.java:552)
at org.openqa.selenium.remote.RemoteWebDriver.findElement(RemoteWebDriver.java:323)
at org.openqa.selenium.remote.RemoteWebDriver.findElementByXPath(RemoteWebDriver.java:428)
at org.openqa.selenium.By$ByXPath.findElement(By.java:353)
at org.openqa.selenium.remote.RemoteWebDriver.findElement(RemoteWebDriver.java:315)
at org.openqa.selenium.support.ui.ExpectedConditions$7.apply(ExpectedConditions.java:205)
at org.openqa.selenium.support.ui.ExpectedConditions$7.apply(ExpectedConditions.java:201)
at org.openqa.selenium.support.ui.ExpectedConditions$22.apply(ExpectedConditions.java:641)
at org.openqa.selenium.support.ui.ExpectedConditions$22.apply(ExpectedConditions.java:638)
at org.openqa.selenium.support.ui.FluentWait.until(FluentWait.java:249)
... 31 more
... Removed 34 stack frames]]>
    </failure>
  </testcase> <!-- Invoicelist -->
  <testcase classname="com.myiqai.testCases.Document_typeSetup" name="docsetUP" time="16.543"/>
  <testcase classname="com.myiqai.testCases.Transfer_ownership" name="transferownership" time="13.957">
    <failure type="org.openqa.selenium.ElementClickInterceptedException" message="element click intercepted: Element &amp;lt;button class=&amp;quot;bg-light-20 px-[34px] py-2 text-base text-white rounded-[8px] &amp;quot; title=&amp;quot;...&amp;quot;&amp;gt;Save&amp;lt;/button&amp;gt; is not clickable at point (572, 433). Other element would receive the click: &amp;lt;li class=&amp;quot;MuiButtonBase-root MuiMenuItem-root MuiMenuItem-gutters MuiMenuItem-root MuiMenuItem-gutters css-1km1ehz&amp;quot; tabindex=&amp;quot;-1&amp;quot; role=&amp;quot;option&amp;quot; name=&amp;quot;orgName&amp;quot; aria-selected=&amp;quot;false&amp;quot; data-value=&amp;quot;707&amp;quot;&amp;gt;...&amp;lt;/li&amp;gt;
  (Session info: chrome=126.0.6478.183)
Build info: version: &amp;apos;3.141.59&amp;apos;, revision: &amp;apos;e82be7d358&amp;apos;, time: &amp;apos;2018-11-14T08:17:03&amp;apos;
System info: host: &amp;apos;sivarajs-MacBook-Air.local&amp;apos;, ip: &amp;apos;fe80:0:0:0:fd:401d:1be:c8a7%en0&amp;apos;, os.name: &amp;apos;Mac OS X&amp;apos;, os.arch: &amp;apos;aarch64&amp;apos;, os.version: &amp;apos;13.5.2&amp;apos;, java.version: &amp;apos;17.0.5&amp;apos;
Driver info: org.openqa.selenium.chrome.ChromeDriver
Capabilities {acceptInsecureCerts: false, browserName: chrome, browserVersion: 126.0.6478.183, chrome: {chromedriverVersion: 126.0.6478.182 (5b5d8292ddf..., userDataDir: /var/folders/dt/60xjg_xj33b...}, fedcm:accounts: true, goog:chromeOptions: {debuggerAddress: localhost:62988}, javascriptEnabled: true, networkConnectionEnabled: false, pageLoadStrategy: normal, platform: MAC, platformName: MAC, proxy: Proxy(), setWindowRect: true, strictFileInteractability: false, timeouts: {implicit: 0, pageLoad: 300000, script: 30000}, unhandledPromptBehavior: dismiss and notify, webauthn:extension:credBlob: true, webauthn:extension:largeBlob: true, webauthn:extension:minPinLength: true, webauthn:extension:prf: true, webauthn:virtualAuthenticators: true}
Session ID: a8a1ebb57ede2a1a58962ee92c0830a2">
      <![CDATA[org.openqa.selenium.ElementClickInterceptedException: element click intercepted: Element <button class="bg-light-20 px-[34px] py-2 text-base text-white rounded-[8px] " title="...">Save</button> is not clickable at point (572, 433). Other element would receive the click: <li class="MuiButtonBase-root MuiMenuItem-root MuiMenuItem-gutters MuiMenuItem-root MuiMenuItem-gutters css-1km1ehz" tabindex="-1" role="option" name="orgName" aria-selected="false" data-value="707">...</li>
  (Session info: chrome=126.0.6478.183)
Build info: version: '3.141.59', revision: 'e82be7d358', time: '2018-11-14T08:17:03'
System info: host: 'sivarajs-MacBook-Air.local', ip: 'fe80:0:0:0:fd:401d:1be:c8a7%en0', os.name: 'Mac OS X', os.arch: 'aarch64', os.version: '13.5.2', java.version: '17.0.5'
Driver info: org.openqa.selenium.chrome.ChromeDriver
Capabilities {acceptInsecureCerts: false, browserName: chrome, browserVersion: 126.0.6478.183, chrome: {chromedriverVersion: 126.0.6478.182 (5b5d8292ddf..., userDataDir: /var/folders/dt/60xjg_xj33b...}, fedcm:accounts: true, goog:chromeOptions: {debuggerAddress: localhost:62988}, javascriptEnabled: true, networkConnectionEnabled: false, pageLoadStrategy: normal, platform: MAC, platformName: MAC, proxy: Proxy(), setWindowRect: true, strictFileInteractability: false, timeouts: {implicit: 0, pageLoad: 300000, script: 30000}, unhandledPromptBehavior: dismiss and notify, webauthn:extension:credBlob: true, webauthn:extension:largeBlob: true, webauthn:extension:minPinLength: true, webauthn:extension:prf: true, webauthn:virtualAuthenticators: true}
Session ID: a8a1ebb57ede2a1a58962ee92c0830a2
at org.openqa.selenium.remote.http.W3CHttpResponseCodec.createException(W3CHttpResponseCodec.java:187)
at org.openqa.selenium.remote.http.W3CHttpResponseCodec.decode(W3CHttpResponseCodec.java:122)
at org.openqa.selenium.remote.http.W3CHttpResponseCodec.decode(W3CHttpResponseCodec.java:49)
at org.openqa.selenium.remote.HttpCommandExecutor.execute(HttpCommandExecutor.java:158)
at org.openqa.selenium.remote.service.DriverCommandExecutor.execute(DriverCommandExecutor.java:83)
at org.openqa.selenium.remote.RemoteWebDriver.execute(RemoteWebDriver.java:552)
at org.openqa.selenium.remote.RemoteWebElement.execute(RemoteWebElement.java:285)
at org.openqa.selenium.remote.RemoteWebElement.click(RemoteWebElement.java:84)
at org.openqa.selenium.support.pagefactory.internal.LocatingElementHandler.invoke(LocatingElementHandler.java:51)
at jdk.proxy2/jdk.proxy2.$Proxy12.click(Unknown Source)
at com.myiqai.pageObjects.TransferOwnership.savebutton(TransferOwnership.java:79)
at com.myiqai.testCases.Transfer_ownership.transferownership(Transfer_ownership.java:17)
... Removed 37 stack frames]]>
    </failure>
  </testcase> <!-- transferownership -->
  <testcase classname="com.myiqai.testCases.Remove_Demo_data" name="removeDemoData" time="11.328"/>
  <testcase classname="com.myiqai.testCases.Accrual_AutomationConfig" name="accrualautomationConfig" time="10.545">
    <failure type="org.openqa.selenium.ElementClickInterceptedException" message="element click intercepted: Element &amp;lt;li&amp;gt;...&amp;lt;/li&amp;gt; is not clickable at point (469, 327). Other element would receive the click: &amp;lt;li class=&amp;quot;MuiButtonBase-root MuiMenuItem-root MuiMenuItem-gutters MuiMenuItem-root MuiMenuItem-gutters css-1km1ehz&amp;quot; tabindex=&amp;quot;-1&amp;quot; role=&amp;quot;option&amp;quot; title=&amp;quot;My iq Mac&amp;quot; name=&amp;quot;My iq Mac&amp;quot; aria-selected=&amp;quot;false&amp;quot; data-value=&amp;quot;1034&amp;quot;&amp;gt;...&amp;lt;/li&amp;gt;
  (Session info: chrome=126.0.6478.183)
Build info: version: &amp;apos;3.141.59&amp;apos;, revision: &amp;apos;e82be7d358&amp;apos;, time: &amp;apos;2018-11-14T08:17:03&amp;apos;
System info: host: &amp;apos;sivarajs-MacBook-Air.local&amp;apos;, ip: &amp;apos;fe80:0:0:0:fd:401d:1be:c8a7%en0&amp;apos;, os.name: &amp;apos;Mac OS X&amp;apos;, os.arch: &amp;apos;aarch64&amp;apos;, os.version: &amp;apos;13.5.2&amp;apos;, java.version: &amp;apos;17.0.5&amp;apos;
Driver info: org.openqa.selenium.chrome.ChromeDriver
Capabilities {acceptInsecureCerts: false, browserName: chrome, browserVersion: 126.0.6478.183, chrome: {chromedriverVersion: 126.0.6478.182 (5b5d8292ddf..., userDataDir: /var/folders/dt/60xjg_xj33b...}, fedcm:accounts: true, goog:chromeOptions: {debuggerAddress: localhost:63028}, javascriptEnabled: true, networkConnectionEnabled: false, pageLoadStrategy: normal, platform: MAC, platformName: MAC, proxy: Proxy(), setWindowRect: true, strictFileInteractability: false, timeouts: {implicit: 0, pageLoad: 300000, script: 30000}, unhandledPromptBehavior: dismiss and notify, webauthn:extension:credBlob: true, webauthn:extension:largeBlob: true, webauthn:extension:minPinLength: true, webauthn:extension:prf: true, webauthn:virtualAuthenticators: true}
Session ID: 7be750f2eb00da805b7d2d0e8063af5f">
      <![CDATA[org.openqa.selenium.ElementClickInterceptedException: element click intercepted: Element <li>...</li> is not clickable at point (469, 327). Other element would receive the click: <li class="MuiButtonBase-root MuiMenuItem-root MuiMenuItem-gutters MuiMenuItem-root MuiMenuItem-gutters css-1km1ehz" tabindex="-1" role="option" title="My iq Mac" name="My iq Mac" aria-selected="false" data-value="1034">...</li>
  (Session info: chrome=126.0.6478.183)
Build info: version: '3.141.59', revision: 'e82be7d358', time: '2018-11-14T08:17:03'
System info: host: 'sivarajs-MacBook-Air.local', ip: 'fe80:0:0:0:fd:401d:1be:c8a7%en0', os.name: 'Mac OS X', os.arch: 'aarch64', os.version: '13.5.2', java.version: '17.0.5'
Driver info: org.openqa.selenium.chrome.ChromeDriver
Capabilities {acceptInsecureCerts: false, browserName: chrome, browserVersion: 126.0.6478.183, chrome: {chromedriverVersion: 126.0.6478.182 (5b5d8292ddf..., userDataDir: /var/folders/dt/60xjg_xj33b...}, fedcm:accounts: true, goog:chromeOptions: {debuggerAddress: localhost:63028}, javascriptEnabled: true, networkConnectionEnabled: false, pageLoadStrategy: normal, platform: MAC, platformName: MAC, proxy: Proxy(), setWindowRect: true, strictFileInteractability: false, timeouts: {implicit: 0, pageLoad: 300000, script: 30000}, unhandledPromptBehavior: dismiss and notify, webauthn:extension:credBlob: true, webauthn:extension:largeBlob: true, webauthn:extension:minPinLength: true, webauthn:extension:prf: true, webauthn:virtualAuthenticators: true}
Session ID: 7be750f2eb00da805b7d2d0e8063af5f
at org.openqa.selenium.remote.http.W3CHttpResponseCodec.createException(W3CHttpResponseCodec.java:187)
at org.openqa.selenium.remote.http.W3CHttpResponseCodec.decode(W3CHttpResponseCodec.java:122)
at org.openqa.selenium.remote.http.W3CHttpResponseCodec.decode(W3CHttpResponseCodec.java:49)
at org.openqa.selenium.remote.HttpCommandExecutor.execute(HttpCommandExecutor.java:158)
at org.openqa.selenium.remote.service.DriverCommandExecutor.execute(DriverCommandExecutor.java:83)
at org.openqa.selenium.remote.RemoteWebDriver.execute(RemoteWebDriver.java:552)
at org.openqa.selenium.remote.RemoteWebElement.execute(RemoteWebElement.java:285)
at org.openqa.selenium.remote.RemoteWebElement.click(RemoteWebElement.java:84)
at org.openqa.selenium.support.pagefactory.internal.LocatingElementHandler.invoke(LocatingElementHandler.java:51)
at jdk.proxy2/jdk.proxy2.$Proxy12.click(Unknown Source)
at com.myiqai.pageObjects.AccrualAutomationConfig.accountingoptions(AccrualAutomationConfig.java:91)
at com.myiqai.testCases.Accrual_AutomationConfig.accrualautomationConfig(Accrual_AutomationConfig.java:18)
... Removed 37 stack frames]]>
    </failure>
  </testcase> <!-- accrualautomationConfig -->
  <testcase classname="com.myiqai.testCases.Month_Closing" name="monthclosing" time="64.949">
    <failure type="org.openqa.selenium.TimeoutException" message="Expected condition failed: waiting for element to be clickable: By.xpath: //button[normalize-space()=&amp;apos;2024&amp;apos;] (tried for 50 second(s) with 500 milliseconds interval)
Build info: version: &amp;apos;3.141.59&amp;apos;, revision: &amp;apos;e82be7d358&amp;apos;, time: &amp;apos;2018-11-14T08:17:03&amp;apos;
System info: host: &amp;apos;sivarajs-MacBook-Air.local&amp;apos;, ip: &amp;apos;fe80:0:0:0:fd:401d:1be:c8a7%en0&amp;apos;, os.name: &amp;apos;Mac OS X&amp;apos;, os.arch: &amp;apos;aarch64&amp;apos;, os.version: &amp;apos;13.5.2&amp;apos;, java.version: &amp;apos;17.0.5&amp;apos;
Driver info: org.openqa.selenium.chrome.ChromeDriver
Capabilities {acceptInsecureCerts: false, browserName: chrome, browserVersion: 126.0.6478.183, chrome: {chromedriverVersion: 126.0.6478.182 (5b5d8292ddf..., userDataDir: /var/folders/dt/60xjg_xj33b...}, fedcm:accounts: true, goog:chromeOptions: {debuggerAddress: localhost:63047}, javascriptEnabled: true, networkConnectionEnabled: false, pageLoadStrategy: normal, platform: MAC, platformName: MAC, proxy: Proxy(), setWindowRect: true, strictFileInteractability: false, timeouts: {implicit: 0, pageLoad: 300000, script: 30000}, unhandledPromptBehavior: dismiss and notify, webauthn:extension:credBlob: true, webauthn:extension:largeBlob: true, webauthn:extension:minPinLength: true, webauthn:extension:prf: true, webauthn:virtualAuthenticators: true}
Session ID: d3f8c366f5966988fb2543ab69f14f65">
      <![CDATA[org.openqa.selenium.TimeoutException: Expected condition failed: waiting for element to be clickable: By.xpath: //button[normalize-space()='2024'] (tried for 50 second(s) with 500 milliseconds interval)
Build info: version: '3.141.59', revision: 'e82be7d358', time: '2018-11-14T08:17:03'
System info: host: 'sivarajs-MacBook-Air.local', ip: 'fe80:0:0:0:fd:401d:1be:c8a7%en0', os.name: 'Mac OS X', os.arch: 'aarch64', os.version: '13.5.2', java.version: '17.0.5'
Driver info: org.openqa.selenium.chrome.ChromeDriver
Capabilities {acceptInsecureCerts: false, browserName: chrome, browserVersion: 126.0.6478.183, chrome: {chromedriverVersion: 126.0.6478.182 (5b5d8292ddf..., userDataDir: /var/folders/dt/60xjg_xj33b...}, fedcm:accounts: true, goog:chromeOptions: {debuggerAddress: localhost:63047}, javascriptEnabled: true, networkConnectionEnabled: false, pageLoadStrategy: normal, platform: MAC, platformName: MAC, proxy: Proxy(), setWindowRect: true, strictFileInteractability: false, timeouts: {implicit: 0, pageLoad: 300000, script: 30000}, unhandledPromptBehavior: dismiss and notify, webauthn:extension:credBlob: true, webauthn:extension:largeBlob: true, webauthn:extension:minPinLength: true, webauthn:extension:prf: true, webauthn:virtualAuthenticators: true}
Session ID: d3f8c366f5966988fb2543ab69f14f65
at org.openqa.selenium.support.ui.WebDriverWait.timeoutException(WebDriverWait.java:95)
at org.openqa.selenium.support.ui.FluentWait.until(FluentWait.java:272)
at com.myiqai.pageObjects.MonthClosing.monthopened(MonthClosing.java:69)
at com.myiqai.testCases.Month_Closing.monthclosing(Month_Closing.java:16)
... Removed 29 stack frames]]>
    </failure>
  </testcase> <!-- monthclosing -->
  <testcase classname="com.myiqai.testCases.Task_Id" name="taskId" time="6.653"/>
  <testcase classname="com.myiqai.testCases.Exchange_Rate" name="exchangerate" time="16.877"/>
  <testcase classname="com.myiqai.testCases.Accural_Accounting" name="accuralAccounting" time="74.104">
    <failure type="org.openqa.selenium.TimeoutException" message="Expected condition failed: waiting for visibility of element located by By.cssSelector: (//input[@id=&amp;apos;1&amp;apos;])[1] (tried for 50 second(s) with 500 milliseconds interval)">
      <![CDATA[org.openqa.selenium.TimeoutException: Expected condition failed: waiting for visibility of element located by By.cssSelector: (//input[@id='1'])[1] (tried for 50 second(s) with 500 milliseconds interval)
at org.openqa.selenium.support.ui.WebDriverWait.timeoutException(WebDriverWait.java:95)
at org.openqa.selenium.support.ui.FluentWait.until(FluentWait.java:272)
at com.myiqai.pageObjects.AccrualAccounting.accrualdate(AccrualAccounting.java:118)
at com.myiqai.testCases.Accural_Accounting.accuralAccounting(Accural_Accounting.java:17)
Caused by: org.openqa.selenium.InvalidSelectorException: invalid selector
from javascript error: {"status":32,"value":"An invalid or illegal selector was specified"}
  (Session info: chrome=126.0.6478.183)
For documentation on this error, please visit: https://www.seleniumhq.org/exceptions/invalid_selector_exception.html
Build info: version: '3.141.59', revision: 'e82be7d358', time: '2018-11-14T08:17:03'
System info: host: 'sivarajs-MacBook-Air.local', ip: 'fe80:0:0:0:fd:401d:1be:c8a7%en0', os.name: 'Mac OS X', os.arch: 'aarch64', os.version: '13.5.2', java.version: '17.0.5'
Driver info: org.openqa.selenium.chrome.ChromeDriver
Capabilities {acceptInsecureCerts: false, browserName: chrome, browserVersion: 126.0.6478.183, chrome: {chromedriverVersion: 126.0.6478.182 (5b5d8292ddf..., userDataDir: /var/folders/dt/60xjg_xj33b...}, fedcm:accounts: true, goog:chromeOptions: {debuggerAddress: localhost:63122}, javascriptEnabled: true, networkConnectionEnabled: false, pageLoadStrategy: normal, platform: MAC, platformName: MAC, proxy: Proxy(), setWindowRect: true, strictFileInteractability: false, timeouts: {implicit: 0, pageLoad: 300000, script: 30000}, unhandledPromptBehavior: dismiss and notify, webauthn:extension:credBlob: true, webauthn:extension:largeBlob: true, webauthn:extension:minPinLength: true, webauthn:extension:prf: true, webauthn:virtualAuthenticators: true}
Session ID: c3a906cb6078330d38a7eba18c367c67
*** Element info: {Using=css selector, value=(//input[@id='1'])[1]}
at org.openqa.selenium.remote.http.W3CHttpResponseCodec.createException(W3CHttpResponseCodec.java:187)
at org.openqa.selenium.remote.http.W3CHttpResponseCodec.decode(W3CHttpResponseCodec.java:122)
at org.openqa.selenium.remote.http.W3CHttpResponseCodec.decode(W3CHttpResponseCodec.java:49)
at org.openqa.selenium.remote.HttpCommandExecutor.execute(HttpCommandExecutor.java:158)
at org.openqa.selenium.remote.service.DriverCommandExecutor.execute(DriverCommandExecutor.java:83)
at org.openqa.selenium.remote.RemoteWebDriver.execute(RemoteWebDriver.java:552)
at org.openqa.selenium.remote.RemoteWebDriver.findElement(RemoteWebDriver.java:323)
at org.openqa.selenium.remote.RemoteWebDriver.findElementByCssSelector(RemoteWebDriver.java:420)
at org.openqa.selenium.By$ByCssSelector.findElement(By.java:431)
at org.openqa.selenium.remote.RemoteWebDriver.findElement(RemoteWebDriver.java:315)
at org.openqa.selenium.support.ui.ExpectedConditions$7.apply(ExpectedConditions.java:205)
at org.openqa.selenium.support.ui.ExpectedConditions$7.apply(ExpectedConditions.java:201)
at org.openqa.selenium.support.ui.FluentWait.until(FluentWait.java:249)
... 31 more
... Removed 33 stack frames]]>
    </failure>
  </testcase> <!-- accuralAccounting -->
  <testcase classname="com.myiqai.testCases.Profile_page" name="password" time="4.223"/>
  <testcase classname="com.myiqai.base.Base_test" name="@AfterTest driverQuit" time="0.0">
    <ignored/>
  </testcase> <!-- @AfterTest driverQuit -->
  <testcase classname="com.myiqai.base.Base_test" name="@AfterTest driverQuit" time="0.0">
    <ignored/>
  </testcase> <!-- @AfterTest driverQuit -->
  <testcase classname="com.myiqai.base.Base_test" name="@AfterTest driverQuit" time="0.0">
    <ignored/>
  </testcase> <!-- @AfterTest driverQuit -->
  <testcase classname="com.myiqai.base.Base_test" name="@AfterTest driverQuit" time="0.0">
    <ignored/>
  </testcase> <!-- @AfterTest driverQuit -->
  <testcase classname="com.myiqai.base.Base_test" name="@AfterTest driverQuit" time="0.0">
    <ignored/>
  </testcase> <!-- @AfterTest driverQuit -->
  <testcase classname="com.myiqai.base.Base_test" name="@AfterTest driverQuit" time="0.0">
    <ignored/>
  </testcase> <!-- @AfterTest driverQuit -->
  <testcase classname="com.myiqai.base.Base_test" name="@AfterTest driverQuit" time="0.0">
    <ignored/>
  </testcase> <!-- @AfterTest driverQuit -->
  <testcase classname="com.myiqai.base.Base_test" name="@AfterTest driverQuit" time="0.0">
    <ignored/>
  </testcase> <!-- @AfterTest driverQuit -->
  <testcase classname="com.myiqai.base.Base_test" name="@AfterTest driverQuit" time="0.0">
    <ignored/>
  </testcase> <!-- @AfterTest driverQuit -->
  <testcase classname="com.myiqai.base.Base_test" name="@AfterTest driverQuit" time="0.0">
    <ignored/>
  </testcase> <!-- @AfterTest driverQuit -->
  <testcase classname="com.myiqai.base.Base_test" name="@AfterTest driverQuit" time="0.0">
    <ignored/>
  </testcase> <!-- @AfterTest driverQuit -->
  <testcase classname="com.myiqai.base.Base_test" name="@AfterTest driverQuit" time="0.0">
    <ignored/>
  </testcase> <!-- @AfterTest driverQuit -->
  <testcase classname="com.myiqai.base.Base_test" name="@AfterTest driverQuit" time="0.0">
    <ignored/>
  </testcase> <!-- @AfterTest driverQuit -->
  <testcase classname="com.myiqai.base.Base_test" name="@AfterTest driverQuit" time="0.0">
    <ignored/>
  </testcase> <!-- @AfterTest driverQuit -->
  <testcase classname="com.myiqai.base.Base_test" name="@AfterTest driverQuit" time="0.0">
    <ignored/>
  </testcase> <!-- @AfterTest driverQuit -->
  <testcase classname="com.myiqai.base.Base_test" name="@AfterTest driverQuit" time="0.0">
    <ignored/>
  </testcase> <!-- @AfterTest driverQuit -->
  <testcase classname="com.myiqai.base.Base_test" name="@AfterTest driverQuit" time="0.0">
    <ignored/>
  </testcase> <!-- @AfterTest driverQuit -->
  <testcase classname="com.myiqai.base.Base_test" name="@AfterTest driverQuit" time="0.0">
    <ignored/>
  </testcase> <!-- @AfterTest driverQuit -->
  <testcase classname="com.myiqai.base.Base_test" name="@AfterTest driverQuit" time="0.0">
    <ignored/>
  </testcase> <!-- @AfterTest driverQuit -->
  <testcase classname="com.myiqai.base.Base_test" name="@AfterTest driverQuit" time="0.0">
    <ignored/>
  </testcase> <!-- @AfterTest driverQuit -->
  <testcase classname="com.myiqai.base.Base_test" name="@AfterTest driverQuit" time="0.0">
    <ignored/>
  </testcase> <!-- @AfterTest driverQuit -->
</testsuite> <!-- Test -->
